<?xml version="1.0" encoding="UTF-8"?>
<testng-results ignored="0" total="1" passed="1" failed="0" skipped="0">
  <reporter-output>
  </reporter-output>
  <suite started-at="2019-05-20T10:36:04Z" name="softwaretestingmaterial" finished-at="2019-05-20T10:36:24Z" duration-ms="19467">
    <groups>
    </groups>
    <test started-at="2019-05-20T10:36:04Z" name="testngTest" finished-at="2019-05-20T10:36:24Z" duration-ms="19467">
      <class name="webapp.testcases.location">
        <test-method signature="verifyvalidlocation()[pri:0, instance:webapp.testcases.location@48a242ce]" started-at="2019-05-20T10:36:04Z" name="verifyvalidlocation" finished-at="2019-05-20T10:36:24Z" duration-ms="19442" status="PASS">
          <reporter-output>
          </reporter-output>
        </test-method> <!-- verifyvalidlocation -->
      </class> <!-- webapp.testcases.location -->
    </test> <!-- testngTest -->
  </suite> <!-- softwaretestingmaterial -->
</testng-results>
