<?xml version="1.0" encoding="UTF-8"?>
<testng-results ignored="0" total="1" passed="1" failed="0" skipped="0">
  <reporter-output>
  </reporter-output>
  <suite started-at="2019-05-20T13:41:11Z" name="softwaretestingmaterial" finished-at="2019-05-20T13:41:22Z" duration-ms="10957">
    <groups>
    </groups>
    <test started-at="2019-05-20T13:41:11Z" name="testngTest" finished-at="2019-05-20T13:41:22Z" duration-ms="10957">
      <class name="webapp.testcases.location">
        <test-method signature="verifyvalidlocation()[pri:0, instance:webapp.testcases.location@1e4a7dd4]" started-at="2019-05-20T13:41:11Z" name="verifyvalidlocation" finished-at="2019-05-20T13:41:22Z" duration-ms="10945" status="PASS">
          <reporter-output>
          </reporter-output>
        </test-method> <!-- verifyvalidlocation -->
      </class> <!-- webapp.testcases.location -->
    </test> <!-- testngTest -->
  </suite> <!-- softwaretestingmaterial -->
</testng-results>
